<?xml version="1.0" encoding="UTF-8"?>
<!-- Generated by org.testng.reporters.JUnitReportReporter -->
<testsuite skipped="0" hostname="Thejas-MBP" name="driver.DriverTests" tests="1" failures="0" timestamp="11 Jul 2019 11:24:40 GMT" time="3.709" errors="0">
  <testcase name="CompleteTest" time="3.709" classname="driver.DriverTests"/>
</testsuite> <!-- driver.DriverTests -->
